{"target": 0.39391989497240276, "params": {"colsample_bytree": 0.8406, "gamma": 0.9683, "learning_rate": 0.3135, "max_depth": 21.0, "min_child_weight": 26.29, "n_estimators": 452.0, "reg_alpha": 0.008504, "reg_lambda": 0.003905, "scale_pos_weight": 1.509, "subsample": 0.9025}, "datetime": {"datetime": "2020-06-14 09:13:47", "elapsed": 0.0, "delta": 0.0}}
{"target": 0.23268240096075765, "params": {"colsample_bytree": 0.5336176037620592, "gamma": 0.7203244934421581, "learning_rate": 0.00021436337986315216, "max_depth": 11.162979461059674, "min_child_weight": 4.403529968622574, "n_estimators": 91.55236764595901, "reg_alpha": 0.018626021137767092, "reg_lambda": 0.034556072704304774, "scale_pos_weight": 2.19030242269201, "subsample": 0.6310533872026856}, "datetime": {"datetime": "2020-06-14 09:14:36", "elapsed": 48.399001, "delta": 48.399001}}
{"target": 0.39989261115132624, "params": {"colsample_bytree": 0.5353556115226359, "gamma": 0.6852195003967595, "learning_rate": 0.20453180450654426, "max_depth": 26.709170782555525, "min_child_weight": 0.8226004083445869, "n_estimators": 351.710379580281, "reg_alpha": 0.0417304802367127, "reg_lambda": 0.05586898284457517, "scale_pos_weight": 1.4211608157857012, "subsample": 0.35848119126790307}, "datetime": {"datetime": "2020-06-14 09:19:01", "elapsed": 313.985001, "delta": 265.586}}
{"target": 0.39849527396780615, "params": {"colsample_bytree": 0.8405956549404294, "gamma": 0.9682615757193975, "learning_rate": 0.3134928357414269, "max_depth": 21.69271062307148, "min_child_weight": 26.291798179728854, "n_estimators": 452.5729985767313, "reg_alpha": 0.008504421136977792, "reg_lambda": 0.0039054783232882364, "scale_pos_weight": 1.5094912586937066, "subsample": 0.9025140027435306}, "datetime": {"datetime": "2020-06-14 09:20:03", "elapsed": 376.025001, "delta": 62.04}}
{"target": 0.3402240328157543, "params": {"colsample_bytree": 0.2786774670664401, "gamma": 0.42110762500505217, "learning_rate": 0.9578937411974869, "max_depth": 17.395462694271462, "min_child_weight": 20.75662154140025, "n_estimators": 191.98203395272833, "reg_alpha": 0.06865009276815837, "reg_lambda": 0.0834625671897373, "scale_pos_weight": 1.0548648320325755, "subsample": 0.8001154519559741}, "datetime": {"datetime": "2020-06-14 09:20:51", "elapsed": 423.907001, "delta": 47.882}}
{"target": 0.37401094272561897, "params": {"colsample_bytree": 0.9910888711251957, "gamma": 0.7481656543798394, "learning_rate": 0.2805159476651987, "max_depth": 24.31054186819019, "min_child_weight": 3.097676971322683, "n_estimators": 251.55208677915732, "reg_alpha": 0.09085955030930956, "reg_lambda": 0.02936141483736795, "scale_pos_weight": 1.8633260157590463, "subsample": 0.3040228576946222}, "datetime": {"datetime": "2020-06-14 09:22:49", "elapsed": 541.43402, "delta": 117.527019}}
